<?xml version="1.0" encoding="UTF-8"?>
<!-- Generated by org.testng.reporters.JUnitXMLReporter -->
<testsuite hostname="DESKTOP-J2S5NQC" ignored="0" name="Default test" tests="3" failures="0" timestamp="02 Jan 2019 12:15:15 GMT" time="63.748" errors="0">
  <testcase name="Createspecializationcomponent" time="11.461" classname="StudyAbroad.specializationcomponent"/>
  <testcase name="Editspecializationcomponent" time="4.41" classname="StudyAbroad.specializationcomponent"/>
  <testcase name="Deletespecializationcomponent" time="1.183" classname="StudyAbroad.specializationcomponent"/>
</testsuite> <!-- Default test -->
