<?xml version="1.0" encoding="UTF-8"?>
<!-- Generated by org.testng.reporters.JUnitXMLReporter -->
<testsuite hostname="DESKTOP-J2S5NQC" ignored="0" name="Default test" tests="12" failures="0" timestamp="02 Jan 2019 11:29:33 GMT" time="136.274" errors="0">
  <testcase name="CreateBranch" time="39.866" classname="StudyAbroad.Branch"/>
  <testcase name="EditBranch" time="10.326" classname="StudyAbroad.Branch"/>
  <testcase name="ViewBranch" time="3.263" classname="StudyAbroad.Branch"/>
  <testcase name="CreateBranchPhonenumber" time="6.803" classname="StudyAbroad.Branch"/>
  <testcase name="EditBranchPhonenumber" time="9.011" classname="StudyAbroad.Branch"/>
  <testcase name="DeleteBranchPhonenumber" time="3.377" classname="StudyAbroad.Branch"/>
  <testcase name="CreateBranchEmailId" time="6.818" classname="StudyAbroad.Branch"/>
  <testcase name="EditBranchEmailId" time="9.017" classname="StudyAbroad.Branch"/>
  <testcase name="DeleteBranchEmailId" time="3.348" classname="StudyAbroad.Branch"/>
  <testcase name="DeleteBranch" time="5.146" classname="StudyAbroad.Branch"/>
  <testcase name="AssignBranchIncharge" time="4.572" classname="StudyAbroad.Branch"/>
  <testcase name="DeleteBranchIncharge" time="1.139" classname="StudyAbroad.Branch"/>
</testsuite> <!-- Default test -->
