<?xml version="1.0" encoding="UTF-8"?>
<!-- Generated by org.testng.reporters.JUnitXMLReporter -->
<testsuite hostname="DESKTOP-J2S5NQC" ignored="0" name="Branch" tests="12" failures="0" timestamp="02 Jan 2019 12:57:53 GMT" time="125.788" errors="0">
  <testcase name="CreateBranch" time="40.554" classname="StudyAbroad.Branch"/>
  <testcase name="EditBranch" time="9.143" classname="StudyAbroad.Branch"/>
  <testcase name="ViewBranch" time="3.12" classname="StudyAbroad.Branch"/>
  <testcase name="CreateBranchPhonenumber" time="6.719" classname="StudyAbroad.Branch"/>
  <testcase name="EditBranchPhonenumber" time="8.977" classname="StudyAbroad.Branch"/>
  <testcase name="DeleteBranchPhonenumber" time="3.449" classname="StudyAbroad.Branch"/>
  <testcase name="CreateBranchEmailId" time="6.735" classname="StudyAbroad.Branch"/>
  <testcase name="EditBranchEmailId" time="9.003" classname="StudyAbroad.Branch"/>
  <testcase name="DeleteBranchEmailId" time="3.309" classname="StudyAbroad.Branch"/>
  <testcase name="DeleteBranch" time="5.123" classname="StudyAbroad.Branch"/>
  <testcase name="AssignBranchIncharge" time="4.495" classname="StudyAbroad.Branch"/>
  <testcase name="DeleteBranchIncharge" time="1.107" classname="StudyAbroad.Branch"/>
</testsuite> <!-- Branch -->
