<?xml version="1.0" encoding="UTF-8"?>
<!-- Generated by org.testng.reporters.JUnitXMLReporter -->
<testsuite hostname="DESKTOP-J2S5NQC" ignored="0" name="specializationcomponent" tests="3" failures="0" timestamp="02 Jan 2019 12:55:47 GMT" time="50.062" errors="0">
  <testcase name="Createspecializationcomponent" time="11.151" classname="StudyAbroad.specializationcomponent"/>
  <testcase name="Editspecializationcomponent" time="4.665" classname="StudyAbroad.specializationcomponent"/>
  <testcase name="Deletespecializationcomponent" time="1.145" classname="StudyAbroad.specializationcomponent"/>
</testsuite> <!-- specializationcomponent -->
