<?xml version="1.0" encoding="UTF-8"?>
<!-- Generated by org.testng.reporters.JUnitXMLReporter -->
<testsuite hostname="DESKTOP-J2S5NQC" ignored="0" name="Specialization" tests="3" failures="0" timestamp="02 Jan 2019 12:54:57 GMT" time="71.448" errors="0">
  <testcase name="CreateSpecialization" time="15.811" classname="StudyAbroad.Specialization"/>
  <testcase name="EditSpecialization" time="4.601" classname="StudyAbroad.Specialization"/>
  <testcase name="DeleteSpecialzation" time="1.216" classname="StudyAbroad.Specialization"/>
</testsuite> <!-- Specialization -->
