<?xml version="1.0" encoding="UTF-8"?>
<testng-results skipped="0" failed="0" ignored="0" total="3" passed="3">
  <reporter-output>
  </reporter-output>
  <suite name="Default suite" duration-ms="86046" started-at="2019-01-02T10:37:14Z" finished-at="2019-01-02T10:38:40Z">
    <groups>
    </groups>
    <test name="Default test" duration-ms="86046" started-at="2019-01-02T10:37:14Z" finished-at="2019-01-02T10:38:40Z">
      <class name="StudyAbroad.Specialization">
        <test-method status="PASS" signature="initialize()[pri:0, instance:StudyAbroad.Specialization@68e965f5]" name="initialize" is-config="true" duration-ms="45407" started-at="2019-01-02T10:37:14Z" finished-at="2019-01-02T10:38:00Z">
          <reporter-output>
          </reporter-output>
        </test-method> <!-- initialize -->
        <test-method status="PASS" signature="CreateSpecialization()[pri:1, instance:StudyAbroad.Specialization@68e965f5]" name="CreateSpecialization" duration-ms="29825" started-at="2019-01-02T10:38:00Z" finished-at="2019-01-02T10:38:30Z">
          <reporter-output>
          </reporter-output>
        </test-method> <!-- CreateSpecialization -->
        <test-method status="PASS" signature="EditSpecialization()[pri:2, instance:StudyAbroad.Specialization@68e965f5]" name="EditSpecialization" duration-ms="8535" started-at="2019-01-02T10:38:30Z" finished-at="2019-01-02T10:38:38Z">
          <reporter-output>
          </reporter-output>
        </test-method> <!-- EditSpecialization -->
        <test-method status="PASS" signature="DeleteSpecialzation()[pri:3, instance:StudyAbroad.Specialization@68e965f5]" name="DeleteSpecialzation" duration-ms="2167" started-at="2019-01-02T10:38:38Z" finished-at="2019-01-02T10:38:40Z">
          <reporter-output>
          </reporter-output>
        </test-method> <!-- DeleteSpecialzation -->
      </class> <!-- StudyAbroad.Specialization -->
    </test> <!-- Default test -->
  </suite> <!-- Default suite -->
</testng-results>
