<?xml version="1.0" encoding="UTF-8"?>
<testng-results skipped="0" failed="0" ignored="0" total="18" passed="18">
  <reporter-output>
  </reporter-output>
  <suite name="Suite" duration-ms="248457" started-at="2019-01-02T12:53:45Z" finished-at="2019-01-02T12:57:53Z">
    <groups>
    </groups>
    <test name="Specialization" duration-ms="71448" started-at="2019-01-02T12:53:45Z" finished-at="2019-01-02T12:54:56Z">
      <class name="StudyAbroad.Specialization">
        <test-method status="PASS" signature="initialize()[pri:0, instance:StudyAbroad.Specialization@1bb266b3]" name="initialize" is-config="true" duration-ms="47039" started-at="2019-01-02T12:53:45Z" finished-at="2019-01-02T12:54:32Z">
          <reporter-output>
          </reporter-output>
        </test-method> <!-- initialize -->
        <test-method status="PASS" signature="CreateSpecialization()[pri:1, instance:StudyAbroad.Specialization@1bb266b3]" name="CreateSpecialization" duration-ms="15811" started-at="2019-01-02T12:54:32Z" finished-at="2019-01-02T12:54:48Z">
          <reporter-output>
          </reporter-output>
        </test-method> <!-- CreateSpecialization -->
        <test-method status="PASS" signature="EditSpecialization()[pri:2, instance:StudyAbroad.Specialization@1bb266b3]" name="EditSpecialization" duration-ms="4601" started-at="2019-01-02T12:54:48Z" finished-at="2019-01-02T12:54:53Z">
          <reporter-output>
          </reporter-output>
        </test-method> <!-- EditSpecialization -->
        <test-method status="PASS" signature="DeleteSpecialzation()[pri:3, instance:StudyAbroad.Specialization@1bb266b3]" name="DeleteSpecialzation" duration-ms="1216" started-at="2019-01-02T12:54:53Z" finished-at="2019-01-02T12:54:54Z">
          <reporter-output>
          </reporter-output>
        </test-method> <!-- DeleteSpecialzation -->
        <test-method status="PASS" signature="teardown()[pri:0, instance:StudyAbroad.Specialization@1bb266b3]" name="teardown" is-config="true" duration-ms="2617" started-at="2019-01-02T12:54:54Z" finished-at="2019-01-02T12:54:56Z">
          <reporter-output>
          </reporter-output>
        </test-method> <!-- teardown -->
      </class> <!-- StudyAbroad.Specialization -->
    </test> <!-- Specialization -->
    <test name="specializationcomponent" duration-ms="50062" started-at="2019-01-02T12:54:57Z" finished-at="2019-01-02T12:55:47Z">
      <class name="StudyAbroad.specializationcomponent">
        <test-method status="PASS" signature="initialize()[pri:0, instance:StudyAbroad.specializationcomponent@49dc7102]" name="initialize" is-config="true" duration-ms="28156" started-at="2019-01-02T12:54:57Z" finished-at="2019-01-02T12:55:25Z">
          <reporter-output>
          </reporter-output>
        </test-method> <!-- initialize -->
        <test-method status="PASS" signature="Createspecializationcomponent()[pri:1, instance:StudyAbroad.specializationcomponent@49dc7102]" name="Createspecializationcomponent" duration-ms="11151" started-at="2019-01-02T12:55:25Z" finished-at="2019-01-02T12:55:37Z">
          <reporter-output>
          </reporter-output>
        </test-method> <!-- Createspecializationcomponent -->
        <test-method status="PASS" signature="Editspecializationcomponent()[pri:2, instance:StudyAbroad.specializationcomponent@49dc7102]" name="Editspecializationcomponent" duration-ms="4665" started-at="2019-01-02T12:55:37Z" finished-at="2019-01-02T12:55:41Z">
          <reporter-output>
          </reporter-output>
        </test-method> <!-- Editspecializationcomponent -->
        <test-method status="PASS" signature="Deletespecializationcomponent()[pri:3, instance:StudyAbroad.specializationcomponent@49dc7102]" name="Deletespecializationcomponent" duration-ms="1145" started-at="2019-01-02T12:55:41Z" finished-at="2019-01-02T12:55:42Z">
          <reporter-output>
          </reporter-output>
        </test-method> <!-- Deletespecializationcomponent -->
        <test-method status="PASS" signature="teardown()[pri:0, instance:StudyAbroad.specializationcomponent@49dc7102]" name="teardown" is-config="true" duration-ms="4933" started-at="2019-01-02T12:55:42Z" finished-at="2019-01-02T12:55:47Z">
          <reporter-output>
          </reporter-output>
        </test-method> <!-- teardown -->
      </class> <!-- StudyAbroad.specializationcomponent -->
    </test> <!-- specializationcomponent -->
    <test name="Branch" duration-ms="125788" started-at="2019-01-02T12:55:47Z" finished-at="2019-01-02T12:57:53Z">
      <class name="StudyAbroad.Branch">
        <test-method status="PASS" signature="initialize()[pri:0, instance:StudyAbroad.Branch@346d61be]" name="initialize" is-config="true" duration-ms="23169" started-at="2019-01-02T12:55:47Z" finished-at="2019-01-02T12:56:10Z">
          <reporter-output>
          </reporter-output>
        </test-method> <!-- initialize -->
        <test-method status="PASS" signature="CreateBranch()[pri:1, instance:StudyAbroad.Branch@346d61be]" name="CreateBranch" duration-ms="40554" started-at="2019-01-02T12:56:10Z" finished-at="2019-01-02T12:56:51Z">
          <reporter-output>
          </reporter-output>
        </test-method> <!-- CreateBranch -->
        <test-method status="PASS" signature="EditBranch()[pri:2, instance:StudyAbroad.Branch@346d61be]" name="EditBranch" duration-ms="9143" started-at="2019-01-02T12:56:51Z" finished-at="2019-01-02T12:57:00Z">
          <reporter-output>
          </reporter-output>
        </test-method> <!-- EditBranch -->
        <test-method status="PASS" signature="ViewBranch()[pri:3, instance:StudyAbroad.Branch@346d61be]" name="ViewBranch" duration-ms="3120" started-at="2019-01-02T12:57:00Z" finished-at="2019-01-02T12:57:03Z">
          <reporter-output>
          </reporter-output>
        </test-method> <!-- ViewBranch -->
        <test-method status="PASS" signature="CreateBranchPhonenumber()[pri:4, instance:StudyAbroad.Branch@346d61be]" name="CreateBranchPhonenumber" duration-ms="6719" started-at="2019-01-02T12:57:03Z" finished-at="2019-01-02T12:57:10Z">
          <reporter-output>
          </reporter-output>
        </test-method> <!-- CreateBranchPhonenumber -->
        <test-method status="PASS" signature="EditBranchPhonenumber()[pri:5, instance:StudyAbroad.Branch@346d61be]" name="EditBranchPhonenumber" duration-ms="8977" started-at="2019-01-02T12:57:10Z" finished-at="2019-01-02T12:57:19Z">
          <reporter-output>
          </reporter-output>
        </test-method> <!-- EditBranchPhonenumber -->
        <test-method status="PASS" signature="DeleteBranchPhonenumber()[pri:6, instance:StudyAbroad.Branch@346d61be]" name="DeleteBranchPhonenumber" duration-ms="3449" started-at="2019-01-02T12:57:19Z" finished-at="2019-01-02T12:57:22Z">
          <reporter-output>
          </reporter-output>
        </test-method> <!-- DeleteBranchPhonenumber -->
        <test-method status="PASS" signature="CreateBranchEmailId()[pri:7, instance:StudyAbroad.Branch@346d61be]" name="CreateBranchEmailId" duration-ms="6735" started-at="2019-01-02T12:57:22Z" finished-at="2019-01-02T12:57:29Z">
          <reporter-output>
          </reporter-output>
        </test-method> <!-- CreateBranchEmailId -->
        <test-method status="PASS" signature="EditBranchEmailId()[pri:8, instance:StudyAbroad.Branch@346d61be]" name="EditBranchEmailId" duration-ms="9003" started-at="2019-01-02T12:57:29Z" finished-at="2019-01-02T12:57:38Z">
          <reporter-output>
          </reporter-output>
        </test-method> <!-- EditBranchEmailId -->
        <test-method status="PASS" signature="DeleteBranchEmailId()[pri:9, instance:StudyAbroad.Branch@346d61be]" name="DeleteBranchEmailId" duration-ms="3309" started-at="2019-01-02T12:57:38Z" finished-at="2019-01-02T12:57:42Z">
          <reporter-output>
          </reporter-output>
        </test-method> <!-- DeleteBranchEmailId -->
        <test-method status="PASS" signature="DeleteBranch()[pri:10, instance:StudyAbroad.Branch@346d61be]" name="DeleteBranch" duration-ms="5123" started-at="2019-01-02T12:57:42Z" finished-at="2019-01-02T12:57:47Z">
          <reporter-output>
          </reporter-output>
        </test-method> <!-- DeleteBranch -->
        <test-method status="PASS" signature="AssignBranchIncharge()[pri:11, instance:StudyAbroad.Branch@346d61be]" name="AssignBranchIncharge" duration-ms="4495" started-at="2019-01-02T12:57:47Z" finished-at="2019-01-02T12:57:51Z">
          <reporter-output>
          </reporter-output>
        </test-method> <!-- AssignBranchIncharge -->
        <test-method status="PASS" signature="DeleteBranchIncharge()[pri:12, instance:StudyAbroad.Branch@346d61be]" name="DeleteBranchIncharge" duration-ms="1107" started-at="2019-01-02T12:57:51Z" finished-at="2019-01-02T12:57:52Z">
          <reporter-output>
          </reporter-output>
        </test-method> <!-- DeleteBranchIncharge -->
        <test-method status="PASS" signature="teardown()[pri:0, instance:StudyAbroad.Branch@346d61be]" name="teardown" is-config="true" duration-ms="849" started-at="2019-01-02T12:57:52Z" finished-at="2019-01-02T12:57:53Z">
          <reporter-output>
          </reporter-output>
        </test-method> <!-- teardown -->
      </class> <!-- StudyAbroad.Branch -->
    </test> <!-- Branch -->
    <test name="App Testing" duration-ms="0" started-at="2019-01-02T12:57:53Z" finished-at="2019-01-02T12:57:53Z">
    </test> <!-- App Testing -->
  </suite> <!-- Suite -->
</testng-results>
